<?xml version="1.0" encoding="UTF-8"?>
<!-- Generated by org.testng.reporters.JUnitXMLReporter -->
<testsuite ignored="1" hostname="sucharitha" failures="0" tests="1" name="Default test" time="1.73" errors="0" timestamp="2024-01-28T19:43:19 PST">
  <testcase classname="com.herokuapp.restfulbooker.createBookingTests" name="createBookingPOJOTest" time="1.415"/>
  <testcase classname="com.herokuapp.restfulbooker.createBookingTests" name="createBookingTest" time="0.0">
    <ignored/>
  </testcase> <!-- createBookingTest -->
</testsuite> <!-- Default test -->
